SendGrid\Response Object
(
    [statusCode:protected] => 202
    [body:protected] => 
    [headers:protected] => Array
        (
            [0] => HTTP/1.1 202 Accepted
            [1] => Server: nginx
            [2] => Date: Tue, 07 Jan 2025 01:04:48 GMT
            [3] => Content-Length: 0
            [4] => Connection: keep-alive
            [5] => X-Message-Id: HySAklVpRPSsI9crcDSnBA
            [6] => Access-Control-Allow-Origin: https://sendgrid.api-docs.io
            [7] => Access-Control-Allow-Methods: POST
            [8] => Access-Control-Allow-Headers: Authorization, Content-Type, On-behalf-of, x-sg-elas-acl
            [9] => Access-Control-Max-Age: 600
            [10] => X-No-CORS-Reason: https://sendgrid.com/docs/Classroom/Basics/API/cors.html
            [11] => Strict-Transport-Security: max-age=31536000; includeSubDomains
            [12] => Content-Security-Policy: frame-ancestors 'none'
            [13] => Cache-Control: no-cache
            [14] => X-Content-Type-Options: no-sniff
            [15] => Referrer-Policy: strict-origin-when-cross-origin
            [16] => 
            [17] => 
        )

)
SendGrid\Response Object
(
    [statusCode:protected] => 202
    [body:protected] => 
    [headers:protected] => Array
        (
            [0] => HTTP/1.1 202 Accepted
            [1] => Server: nginx
            [2] => Date: Tue, 07 Jan 2025 01:14:24 GMT
            [3] => Content-Length: 0
            [4] => Connection: keep-alive
            [5] => X-Message-Id: ToiSKT7uT3-GhDa6uHG9BQ
            [6] => Access-Control-Allow-Origin: https://sendgrid.api-docs.io
            [7] => Access-Control-Allow-Methods: POST
            [8] => Access-Control-Allow-Headers: Authorization, Content-Type, On-behalf-of, x-sg-elas-acl
            [9] => Access-Control-Max-Age: 600
            [10] => X-No-CORS-Reason: https://sendgrid.com/docs/Classroom/Basics/API/cors.html
            [11] => Strict-Transport-Security: max-age=31536000; includeSubDomains
            [12] => Content-Security-Policy: frame-ancestors 'none'
            [13] => Cache-Control: no-cache
            [14] => X-Content-Type-Options: no-sniff
            [15] => Referrer-Policy: strict-origin-when-cross-origin
            [16] => 
            [17] => 
        )

)
SendGrid\Response Object
(
    [statusCode:protected] => 202
    [body:protected] => 
    [headers:protected] => Array
        (
            [0] => HTTP/1.1 202 Accepted
            [1] => Server: nginx
            [2] => Date: Tue, 07 Jan 2025 14:09:50 GMT
            [3] => Content-Length: 0
            [4] => Connection: keep-alive
            [5] => X-Message-Id: 8q4LPzdqTcO-grIjRHyZAA
            [6] => Access-Control-Allow-Origin: https://sendgrid.api-docs.io
            [7] => Access-Control-Allow-Methods: POST
            [8] => Access-Control-Allow-Headers: Authorization, Content-Type, On-behalf-of, x-sg-elas-acl
            [9] => Access-Control-Max-Age: 600
            [10] => X-No-CORS-Reason: https://sendgrid.com/docs/Classroom/Basics/API/cors.html
            [11] => Strict-Transport-Security: max-age=31536000; includeSubDomains
            [12] => Content-Security-Policy: frame-ancestors 'none'
            [13] => Cache-Control: no-cache
            [14] => X-Content-Type-Options: no-sniff
            [15] => Referrer-Policy: strict-origin-when-cross-origin
            [16] => 
            [17] => 
        )

)
SendGrid\Response Object
(
    [statusCode:protected] => 202
    [body:protected] => 
    [headers:protected] => Array
        (
            [0] => HTTP/1.1 202 Accepted
            [1] => Server: nginx
            [2] => Date: Tue, 07 Jan 2025 14:30:45 GMT
            [3] => Content-Length: 0
            [4] => Connection: keep-alive
            [5] => X-Message-Id: R4Uz0b0gSkSUjGEGe9yLcQ
            [6] => Access-Control-Allow-Origin: https://sendgrid.api-docs.io
            [7] => Access-Control-Allow-Methods: POST
            [8] => Access-Control-Allow-Headers: Authorization, Content-Type, On-behalf-of, x-sg-elas-acl
            [9] => Access-Control-Max-Age: 600
            [10] => X-No-CORS-Reason: https://sendgrid.com/docs/Classroom/Basics/API/cors.html
            [11] => Strict-Transport-Security: max-age=31536000; includeSubDomains
            [12] => Content-Security-Policy: frame-ancestors 'none'
            [13] => Cache-Control: no-cache
            [14] => X-Content-Type-Options: no-sniff
            [15] => Referrer-Policy: strict-origin-when-cross-origin
            [16] => 
            [17] => 
        )

)
SendGrid\Response Object
(
    [statusCode:protected] => 202
    [body:protected] => 
    [headers:protected] => Array
        (
            [0] => HTTP/1.1 202 Accepted
            [1] => Server: nginx
            [2] => Date: Tue, 07 Jan 2025 18:02:54 GMT
            [3] => Content-Length: 0
            [4] => Connection: keep-alive
            [5] => X-Message-Id: 0L4YD6Q0RUCFFn-3PGyrjA
            [6] => Access-Control-Allow-Origin: https://sendgrid.api-docs.io
            [7] => Access-Control-Allow-Methods: POST
            [8] => Access-Control-Allow-Headers: Authorization, Content-Type, On-behalf-of, x-sg-elas-acl
            [9] => Access-Control-Max-Age: 600
            [10] => X-No-CORS-Reason: https://sendgrid.com/docs/Classroom/Basics/API/cors.html
            [11] => Strict-Transport-Security: max-age=31536000; includeSubDomains
            [12] => Content-Security-Policy: frame-ancestors 'none'
            [13] => Cache-Control: no-cache
            [14] => X-Content-Type-Options: no-sniff
            [15] => Referrer-Policy: strict-origin-when-cross-origin
            [16] => 
            [17] => 
        )

)
SendGrid\Response Object
(
    [statusCode:protected] => 202
    [body:protected] => 
    [headers:protected] => Array
        (
            [0] => HTTP/1.1 202 Accepted
            [1] => Server: nginx
            [2] => Date: Tue, 07 Jan 2025 18:06:23 GMT
            [3] => Content-Length: 0
            [4] => Connection: keep-alive
            [5] => X-Message-Id: JKsIQdraQ-SzRXR56l05NQ
            [6] => Access-Control-Allow-Origin: https://sendgrid.api-docs.io
            [7] => Access-Control-Allow-Methods: POST
            [8] => Access-Control-Allow-Headers: Authorization, Content-Type, On-behalf-of, x-sg-elas-acl
            [9] => Access-Control-Max-Age: 600
            [10] => X-No-CORS-Reason: https://sendgrid.com/docs/Classroom/Basics/API/cors.html
            [11] => Strict-Transport-Security: max-age=31536000; includeSubDomains
            [12] => Content-Security-Policy: frame-ancestors 'none'
            [13] => Cache-Control: no-cache
            [14] => X-Content-Type-Options: no-sniff
            [15] => Referrer-Policy: strict-origin-when-cross-origin
            [16] => 
            [17] => 
        )

)
SendGrid\Response Object
(
    [statusCode:protected] => 202
    [body:protected] => 
    [headers:protected] => Array
        (
            [0] => HTTP/1.1 202 Accepted
            [1] => Server: nginx
            [2] => Date: Tue, 07 Jan 2025 18:07:13 GMT
            [3] => Content-Length: 0
            [4] => Connection: keep-alive
            [5] => X-Message-Id: 0Jkc4iUqQ8yGMdVSWY5ykw
            [6] => Access-Control-Allow-Origin: https://sendgrid.api-docs.io
            [7] => Access-Control-Allow-Methods: POST
            [8] => Access-Control-Allow-Headers: Authorization, Content-Type, On-behalf-of, x-sg-elas-acl
            [9] => Access-Control-Max-Age: 600
            [10] => X-No-CORS-Reason: https://sendgrid.com/docs/Classroom/Basics/API/cors.html
            [11] => Strict-Transport-Security: max-age=31536000; includeSubDomains
            [12] => Content-Security-Policy: frame-ancestors 'none'
            [13] => Cache-Control: no-cache
            [14] => X-Content-Type-Options: no-sniff
            [15] => Referrer-Policy: strict-origin-when-cross-origin
            [16] => 
            [17] => 
        )

)
SendGrid\Response Object
(
    [statusCode:protected] => 202
    [body:protected] => 
    [headers:protected] => Array
        (
            [0] => HTTP/1.1 202 Accepted
            [1] => Server: nginx
            [2] => Date: Tue, 07 Jan 2025 18:44:24 GMT
            [3] => Content-Length: 0
            [4] => Connection: keep-alive
            [5] => X-Message-Id: GJf6dt_XQFy0HkATgaSdvQ
            [6] => Access-Control-Allow-Origin: https://sendgrid.api-docs.io
            [7] => Access-Control-Allow-Methods: POST
            [8] => Access-Control-Allow-Headers: Authorization, Content-Type, On-behalf-of, x-sg-elas-acl
            [9] => Access-Control-Max-Age: 600
            [10] => X-No-CORS-Reason: https://sendgrid.com/docs/Classroom/Basics/API/cors.html
            [11] => Strict-Transport-Security: max-age=31536000; includeSubDomains
            [12] => Content-Security-Policy: frame-ancestors 'none'
            [13] => Cache-Control: no-cache
            [14] => X-Content-Type-Options: no-sniff
            [15] => Referrer-Policy: strict-origin-when-cross-origin
            [16] => 
            [17] => 
        )

)
